{"level":"info","message":"Get all user todos5df2fbd9eff3764ed41f7b87"}
{"level":"info","message":"Create Todo"}
{"level":"info","message":"Get all user todos5df2fbd9eff3764ed41f7b87"}
{"level":"info","message":"Create Todo"}
{"level":"info","message":"Get all user todos5df2fbd9eff3764ed41f7b87"}
{"level":"info","message":"Get todo %s5df2ff1beff3764ed41f7b8d"}
{"level":"info","message":"Get all user todos5df2fbd9eff3764ed41f7b87"}
{"level":"info","message":"Create Todo"}
{"level":"info","message":"Get todo %s5df2ff26eff3764ed41f7b8e"}
{"level":"info","message":"Get all user todos5df2fbd9eff3764ed41f7b87"}
{"level":"info","message":"Get todo %s5df2ff1beff3764ed41f7b8d"}
{"level":"info","message":"Get all user todos5df2fbd9eff3764ed41f7b87"}
{"level":"info","message":"Get all users"}
{"level":"info","message":"Get all users"}
{"level":"info","message":"Create user"}
{"level":"info","message":"Get all users"}
{"level":"info","message":"Get all user todos5df2fbd9eff3764ed41f7b87"}
{"level":"info","message":"Loading Mongoose functionality"}
{"level":"info","message":"Starting Application"}
{"level":"info","message":"Mongoose connected to the database"}
{"level":"info","message":"Get all user todos5de73a0e7e62292bac36f727"}
{"level":"info","message":"Create Todo"}
{"level":"info","message":"Get all user todos5de73a0e7e62292bac36f727"}
{"level":"info","message":"Create Todo"}
{"level":"info","message":"Get todo %s5df3046b1005ec59e078d451"}
{"level":"info","message":"Get all user todos5de73a0e7e62292bac36f727"}
{"level":"info","message":"Create Todo"}
{"level":"info","message":"Get todo %s5df3046b1005ec59e078d451"}
{"level":"info","message":"Get all user todos5de73a0e7e62292bac36f727"}
{"level":"info","message":"Get todo %s5df3046b1005ec59e078d451"}
{"level":"info","message":"Get all user todos5de73a0e7e62292bac36f727"}
{"level":"info","message":"Get todo %s5df2ff26eff3764ed41f7b8e"}
{"level":"info","message":"Get all user todos5de73a0e7e62292bac36f727"}
{"level":"info","message":"Get todo %s5df2ff26eff3764ed41f7b8e"}
{"level":"info","message":"Get all user todos5de73a0e7e62292bac36f727"}
{"level":"info","message":"Get all user todos5de73a0e7e62292bac36f727"}
{"level":"info","message":"Get all user todos5de73a0e7e62292bac36f727"}
{"level":"info","message":"Create Todo"}
{"level":"info","message":"Get all user todos5de73a0e7e62292bac36f727"}
{"level":"info","message":"Get todo %s5df304aa1005ec59e078d454"}
{"level":"info","message":"Get all user todos5de73a0e7e62292bac36f727"}
{"level":"info","message":"Get todo %s5df304aa1005ec59e078d454"}
{"level":"info","message":"Get all user todos5de73a0e7e62292bac36f727"}
{"level":"info","message":"Get todo %s5df304aa1005ec59e078d454"}
{"level":"info","message":"Get all user todos5de73a0e7e62292bac36f727"}
{"level":"info","message":"Get all user todos5de73a0e7e62292bac36f727"}
{"level":"info","message":"Get all user todos5de73a0e7e62292bac36f727"}
