{"level":"info","message":"Get all Movies"}
{"level":"info","message":"Get all users"}
{"level":"info","message":"Get all user Movies5df421234a8acc21846b2fd0"}
{"level":"info","message":"Get Movie %sundefined"}
{"level":"info","message":"Get all user Movies5df421234a8acc21846b2fd0"}
{"level":"info","message":"Get all user Movies5df421234a8acc21846b2fd0"}
{"level":"info","message":"Get all user Movies5df421234a8acc21846b2fd0"}
{"level":"info","message":"Get all user Movies5df421234a8acc21846b2fd0"}
{"level":"info","message":"Get Movie %sundefined"}
{"level":"info","message":"Get all user Movies5df421234a8acc21846b2fd0"}
{"level":"info","message":"Get all user Movies5df421234a8acc21846b2fd0"}
{"level":"info","message":"Get all user Movies5df421234a8acc21846b2fd0"}
{"level":"info","message":"Get all user Movies5df421234a8acc21846b2fd0"}
{"level":"info","message":"Get all user Movies5df421234a8acc21846b2fd0"}
{"level":"info","message":"Get all user Movies5df421234a8acc21846b2fd0"}
{"level":"info","message":"Get all user Movies5df421234a8acc21846b2fd0"}
{"level":"info","message":"Create Movie"}
{"level":"info","message":"Create Movie"}
{"level":"info","message":"Get all user Movies5df421234a8acc21846b2fd0"}
{"level":"info","message":"Get all user Movies5df421234a8acc21846b2fd0"}
{"level":"info","message":"Create Movie"}
{"level":"info","message":"Get all user Movies5df421234a8acc21846b2fd0"}
{"level":"info","message":"Get all user Movies5df421234a8acc21846b2fd0"}
{"level":"info","message":"Get all user Movies5df421234a8acc21846b2fd0"}
{"level":"info","message":"Create Movie"}
{"level":"info","message":"Get all user Movies5df421234a8acc21846b2fd0"}
{"level":"info","message":"Get all user Movies5df421234a8acc21846b2fd0"}
{"level":"info","message":"Get all user Movies5df421234a8acc21846b2fd0"}
{"level":"info","message":"Get all user Movies5df421234a8acc21846b2fd0"}
{"level":"info","message":"Loading Mongoose functionality"}
{"level":"info","message":"Starting Application"}
{"level":"info","message":"Mongoose connected to the database"}
{"level":"info","message":"Get all user Movies5df421234a8acc21846b2fd0"}
{"level":"info","message":"Create Movie"}
{"level":"info","message":"Get all user Movies5df421234a8acc21846b2fd0"}
{"level":"info","message":"Get all user Movies5df421234a8acc21846b2fd0"}
{"level":"info","message":"Get all user Movies5df421234a8acc21846b2fd0"}
{"level":"info","message":"Get all user Movies5df421234a8acc21846b2fd0"}
{"level":"info","message":"Get all user Movies5df421234a8acc21846b2fd0"}
{"level":"info","message":"Get all user Movies5df421234a8acc21846b2fd0"}
{"level":"info","message":"Get Movie %s5df42c77894cf03558d18d93"}
{"level":"info","message":"Get all user Movies5df421234a8acc21846b2fd0"}
{"level":"info","message":"Get Movie %s5df42c77894cf03558d18d93"}
{"level":"info","message":"Get all user Movies5df421234a8acc21846b2fd0"}
{"level":"info","message":"Get all user Movies5df421234a8acc21846b2fd0"}
{"level":"info","message":"Get all user Movies5df421234a8acc21846b2fd0"}
{"level":"info","message":"Get all user Movies5df421234a8acc21846b2fd0"}
{"level":"info","message":"Loading Mongoose functionality"}
{"level":"info","message":"Starting Application"}
{"level":"info","message":"Mongoose connected to the database"}
