{"level":"info","message":"Delete Widget 5deee48165f6300b5c8c93d6"}
{"level":"info","message":"Get all Widgets"}
{"level":"info","message":"Create Widget"}
{"level":"info","message":"Get all Widgets"}
{"level":"info","message":"Create Widget"}
{"level":"info","message":"Get all Widgets"}
{"level":"info","message":"Loading Mongoose functionality"}
{"level":"info","message":"Server starting"}
{"level":"info","message":"Mongoose connected to the database"}
{"level":"info","message":"Get all Widgets"}
{"level":"info","message":"Get all Widgets"}
{"level":"info","message":"Get all Widgets"}
{"level":"info","message":"Delete Widget 5deeeed965f6300b5c8c93d8"}
{"level":"info","message":"Get all Widgets"}
{"level":"info","message":"Delete Widget 5deeeecd65f6300b5c8c93d7"}
{"level":"info","message":"Get all Widgets"}
{"level":"info","message":"Create Widget"}
{"level":"info","message":"Get all Widgets"}
{"level":"info","message":"Create Widget"}
{"level":"info","message":"Get all Widgets"}
{"level":"info","message":"Get Widget %s"}
{"level":"info","message":"Get all Widgets"}
{"level":"info","message":"Loading Mongoose functionality"}
{"level":"info","message":"Server starting"}
{"level":"info","message":"Mongoose connected to the database"}
{"level":"info","message":"Loading Mongoose functionality"}
{"level":"info","message":"Server starting"}
{"level":"info","message":"Mongoose connected to the database"}
{"level":"info","message":"Get Widget %s"}
{"level":"info","message":"Get all Widgets"}
{"level":"info","message":"Delete Widget 5deef1f99c95a346bc1eec87"}
{"level":"info","message":"Get all Widgets"}
{"level":"info","message":"Loading Mongoose functionality"}
{"level":"info","message":"Server starting"}
{"level":"info","message":"Mongoose connected to the database"}
{"level":"info","message":"Get all Widgets"}
{"level":"info","message":"Loading Mongoose functionality"}
{"level":"info","message":"Server starting"}
{"level":"info","message":"Mongoose connected to the database"}
{"level":"info","message":"Get all Widgets"}
{"level":"info","message":"Create Widget"}
{"level":"info","message":"Get all Widgets"}
